<?xml version="1.0" encoding="UTF-8"?>
<!-- Generated by org.testng.reporters.JUnitXMLReporter -->
<testsuite hostname="IN2102448W1" ignored="1" name="Auto Loan" tests="5" failures="0" timestamp="15 Feb 2020 14:11:11 GMT" time="0.02" errors="0">
  <testcase name="LoginWeb" time="0.002" classname="Learn.AutoLoan"/>
  <testcase name="LoginAPI" time="0.003" classname="Learn.AutoLoan"/>
  <testcase name="LoginAPI" time="0.001" classname="Learn.HomeLoan"/>
  <testcase name="LoginMobile" time="0.002" classname="Learn.HomeLoan"/>
  <testcase name="LoginWeb" time="0.002" classname="Learn.HomeLoan"/>
  <testcase name="LoginMobile" time="0.0" classname="Learn.AutoLoan">
    <ignored/>
  </testcase> <!-- LoginMobile -->
</testsuite> <!-- Auto Loan -->
