<?xml version="1.0" encoding="UTF-8"?>
<!-- Generated by org.testng.reporters.JUnitXMLReporter -->
<testsuite hostname="IN2102448W1" ignored="2" name="Home Loan" tests="1" failures="0" timestamp="15 Feb 2020 14:11:11 GMT" time="0.002" errors="0">
  <testcase name="LoginMobile" time="0.0" classname="Learn.HomeLoan"/>
  <testcase name="LoginAPI" time="0.0" classname="Learn.HomeLoan">
    <ignored/>
  </testcase> <!-- LoginAPI -->
  <testcase name="LoginWeb" time="0.0" classname="Learn.HomeLoan">
    <ignored/>
  </testcase> <!-- LoginWeb -->
</testsuite> <!-- Home Loan -->
