<?xml version="1.0" encoding="UTF-8"?>
<!-- Generated by org.testng.reporters.JUnitXMLReporter -->
<testsuite hostname="IN2102448W1" ignored="0" name="Personal Loan" tests="4" failures="0" timestamp="15 Feb 2020 14:11:11 GMT" time="0.026" errors="0">
  <testcase name="TestCase1" time="0.003" classname="Learn.AnnotationsTestNG"/>
  <testcase name="TestCase2" time="0.002" classname="Learn.AnnotationsTestNG"/>
  <testcase name="loan" time="0.001" classname="Learn.Newtestcase"/>
  <testcase name="loanApproval" time="0.001" classname="Learn.Newtestcase"/>
</testsuite> <!-- Personal Loan -->
