<?xml version="1.0" encoding="UTF-8"?>
<!-- Generated by org.testng.reporters.JUnitXMLReporter -->
<testsuite hostname="IN2102448W1" ignored="12" name="Smoke testing" tests="1" failures="0" timestamp="15 Feb 2020 07:25:15 GMT" time="0.035" errors="0">
  <testcase name="LoginWeb" time="0.013" classname="Learn.GroupsExample"/>
  <testcase name="LoginAPI" time="0.0" classname="Learn.AutoLoan">
    <ignored/>
  </testcase> <!-- LoginAPI -->
  <testcase name="LoginAPI" time="0.0" classname="Learn.HomeLoan">
    <ignored/>
  </testcase> <!-- LoginAPI -->
  <testcase name="TestCase2" time="0.0" classname="Learn.AnnotationsTestNG">
    <ignored/>
  </testcase> <!-- TestCase2 -->
  <testcase name="loan" time="0.0" classname="Learn.Newtestcase">
    <ignored/>
  </testcase> <!-- loan -->
  <testcase name="loanApproval" time="0.0" classname="Learn.Newtestcase">
    <ignored/>
  </testcase> <!-- loanApproval -->
  <testcase name="TestCase1" time="0.0" classname="Learn.AnnotationsTestNG">
    <ignored/>
  </testcase> <!-- TestCase1 -->
  <testcase name="LoginMobile" time="0.0" classname="Learn.HomeLoan">
    <ignored/>
  </testcase> <!-- LoginMobile -->
  <testcase name="LoginWeb" time="0.0" classname="Learn.AutoLoan">
    <ignored/>
  </testcase> <!-- LoginWeb -->
  <testcase name="LoginAPI" time="0.0" classname="Learn.GroupsExample">
    <ignored/>
  </testcase> <!-- LoginAPI -->
  <testcase name="LoginMobile" time="0.0" classname="Learn.AutoLoan">
    <ignored/>
  </testcase> <!-- LoginMobile -->
  <testcase name="LoginMobile" time="0.0" classname="Learn.GroupsExample">
    <ignored/>
  </testcase> <!-- LoginMobile -->
  <testcase name="LoginWeb" time="0.0" classname="Learn.HomeLoan">
    <ignored/>
  </testcase> <!-- LoginWeb -->
</testsuite> <!-- Smoke testing -->
