<?xml version="1.0" encoding="UTF-8"?>
<testng-results skipped="0" failed="1" ignored="0" total="2" passed="1">
  <reporter-output>
  </reporter-output>
  <suite name="Default suite" duration-ms="35" started-at="2020-02-20T06:08:58Z" finished-at="2020-02-20T06:08:58Z">
    <groups>
    </groups>
    <test name="Default test" duration-ms="35" started-at="2020-02-20T06:08:58Z" finished-at="2020-02-20T06:08:58Z">
      <class name="Learn.ParameterizationExample">
        <test-method status="FAIL" signature="LoginAPI(java.lang.String)[pri:0, instance:Learn.ParameterizationExample@1efbd816]" name="LoginAPI" duration-ms="0" started-at="2020-02-20T11:38:58Z" finished-at="2020-02-20T11:38:58Z">
          <exception class="org.testng.TestNGException">
            <message>
              <![CDATA[
Parameter 'URL' is required by @Test on method LoginAPI but has not been marked @Optional or defined
in C:\Users\Allada.Deepesh\AppData\Local\Temp\testng-eclipse-115084054\testng-customsuite.xml]]>
            </message>
            <full-stacktrace>
              <![CDATA[org.testng.TestNGException: 
Parameter 'URL' is required by @Test on method LoginAPI but has not been marked @Optional or defined
in C:\Users\Allada.Deepesh\AppData\Local\Temp\testng-eclipse-115084054\testng-customsuite.xml
	at org.testng.internal.Parameters.createParameters(Parameters.java:199)
	at org.testng.internal.Parameters.createParameters(Parameters.java:443)
	at org.testng.internal.Parameters.handleParameters(Parameters.java:568)
	at org.testng.internal.Invoker.handleParameters(Invoker.java:1293)
	at org.testng.internal.Invoker.createParameters(Invoker.java:1020)
	at org.testng.internal.Invoker.invokeTestMethods(Invoker.java:1110)
	at org.testng.internal.TestMethodWorker.invokeTestMethods(TestMethodWorker.java:129)
	at org.testng.internal.TestMethodWorker.run(TestMethodWorker.java:112)
	at org.testng.TestRunner.privateRun(TestRunner.java:756)
	at org.testng.TestRunner.run(TestRunner.java:610)
	at org.testng.SuiteRunner.runTest(SuiteRunner.java:387)
	at org.testng.SuiteRunner.runSequentially(SuiteRunner.java:382)
	at org.testng.SuiteRunner.privateRun(SuiteRunner.java:340)
	at org.testng.SuiteRunner.run(SuiteRunner.java:289)
	at org.testng.SuiteRunnerWorker.runSuite(SuiteRunnerWorker.java:52)
	at org.testng.SuiteRunnerWorker.run(SuiteRunnerWorker.java:86)
	at org.testng.TestNG.runSuitesSequentially(TestNG.java:1293)
	at org.testng.TestNG.runSuitesLocally(TestNG.java:1218)
	at org.testng.TestNG.runSuites(TestNG.java:1133)
	at org.testng.TestNG.run(TestNG.java:1104)
	at org.testng.remote.AbstractRemoteTestNG.run(AbstractRemoteTestNG.java:132)
	at org.testng.remote.RemoteTestNG.initAndRun(RemoteTestNG.java:236)
	at org.testng.remote.RemoteTestNG.main(RemoteTestNG.java:81)
]]>
            </full-stacktrace>
          </exception> <!-- org.testng.TestNGException -->
          <reporter-output>
          </reporter-output>
        </test-method> <!-- LoginAPI -->
        <test-method status="PASS" signature="LoginWeb()[pri:0, instance:Learn.ParameterizationExample@1efbd816]" name="LoginWeb" duration-ms="7" started-at="2020-02-20T11:38:58Z" finished-at="2020-02-20T11:38:58Z">
          <reporter-output>
          </reporter-output>
        </test-method> <!-- LoginWeb -->
      </class> <!-- Learn.ParameterizationExample -->
    </test> <!-- Default test -->
  </suite> <!-- Default suite -->
</testng-results>
